\BOOKMARK [0][-]{chapter.1}{\376\377\0001\000\040\000N\000a\000m\000e\000s\000p\000a\000c\000e\000\040\000I\000n\000d\000e\000x}{}% 1
\BOOKMARK [1][-]{section.1.1}{\376\377\0001\000.\0001\000\040\000N\000a\000m\000e\000s\000p\000a\000c\000e\000\040\000L\000i\000s\000t}{chapter.1}% 2
\BOOKMARK [0][-]{chapter.2}{\376\377\0002\000\040\000H\000i\000e\000r\000a\000r\000c\000h\000i\000c\000a\000l\000\040\000I\000n\000d\000e\000x}{}% 3
\BOOKMARK [1][-]{section.2.1}{\376\377\0002\000.\0001\000\040\000C\000l\000a\000s\000s\000\040\000H\000i\000e\000r\000a\000r\000c\000h\000y}{chapter.2}% 4
\BOOKMARK [0][-]{chapter.3}{\376\377\0003\000\040\000C\000l\000a\000s\000s\000\040\000I\000n\000d\000e\000x}{}% 5
\BOOKMARK [1][-]{section.3.1}{\376\377\0003\000.\0001\000\040\000C\000l\000a\000s\000s\000\040\000L\000i\000s\000t}{chapter.3}% 6
\BOOKMARK [0][-]{chapter.4}{\376\377\0004\000\040\000N\000a\000m\000e\000s\000p\000a\000c\000e\000\040\000D\000o\000c\000u\000m\000e\000n\000t\000a\000t\000i\000o\000n}{}% 7
\BOOKMARK [1][-]{section.4.1}{\376\377\0004\000.\0001\000\040\000I\000s\000o\000S\000p\000e\000c\000\040\000N\000a\000m\000e\000s\000p\000a\000c\000e\000\040\000R\000e\000f\000e\000r\000e\000n\000c\000e}{chapter.4}% 8
\BOOKMARK [2][-]{subsection.4.1.1}{\376\377\0004\000.\0001\000.\0001\000\040\000D\000e\000t\000a\000i\000l\000e\000d\000\040\000D\000e\000s\000c\000r\000i\000p\000t\000i\000o\000n}{section.4.1}% 9
\BOOKMARK [2][-]{subsection.4.1.2}{\376\377\0004\000.\0001\000.\0002\000\040\000F\000u\000n\000c\000t\000i\000o\000n\000\040\000D\000o\000c\000u\000m\000e\000n\000t\000a\000t\000i\000o\000n}{section.4.1}% 10
\BOOKMARK [3][-]{subsubsection.4.1.2.1}{\376\377\0004\000.\0001\000.\0002\000.\0001\000\040\000g\000e\000t\000M\000L\000o\000g\000P\000r\000o\000b\000s\000\050\000\051}{subsection.4.1.2}% 11
\BOOKMARK [3][-]{subsubsection.4.1.2.2}{\376\377\0004\000.\0001\000.\0002\000.\0002\000\040\000i\000n\000i\000t\000i\000a\000l\000C\000o\000n\000f\000i\000g\000u\000r\000e\000\050\000\051}{subsection.4.1.2}% 12
\BOOKMARK [0][-]{chapter.5}{\376\377\0005\000\040\000C\000l\000a\000s\000s\000\040\000D\000o\000c\000u\000m\000e\000n\000t\000a\000t\000i\000o\000n}{}% 13
\BOOKMARK [1][-]{section.5.1}{\376\377\0005\000.\0001\000\040\000I\000s\000o\000S\000p\000e\000c\000:\000:\000A\000l\000l\000o\000c\000a\000t\000o\000r\000<\000\040\000T\000\040\000>\000\040\000C\000l\000a\000s\000s\000\040\000T\000e\000m\000p\000l\000a\000t\000e\000\040\000R\000e\000f\000e\000r\000e\000n\000c\000e}{chapter.5}% 14
\BOOKMARK [1][-]{section.5.2}{\376\377\0005\000.\0002\000\040\000I\000s\000o\000S\000p\000e\000c\000:\000:\000C\000o\000n\000f\000E\000q\000u\000a\000l\000\040\000C\000l\000a\000s\000s\000\040\000R\000e\000f\000e\000r\000e\000n\000c\000e}{chapter.5}% 15
\BOOKMARK [1][-]{section.5.3}{\376\377\0005\000.\0003\000\040\000I\000s\000o\000S\000p\000e\000c\000:\000:\000I\000s\000o\000S\000p\000e\000c\000:\000:\000C\000o\000n\000f\000E\000q\000u\000a\000l\000\040\000C\000l\000a\000s\000s\000\040\000R\000e\000f\000e\000r\000e\000n\000c\000e}{chapter.5}% 16
\BOOKMARK [1][-]{section.5.4}{\376\377\0005\000.\0004\000\040\000I\000s\000o\000S\000p\000e\000c\000:\000:\000C\000o\000n\000f\000O\000r\000d\000e\000r\000\040\000C\000l\000a\000s\000s\000\040\000R\000e\000f\000e\000r\000e\000n\000c\000e}{chapter.5}% 17
\BOOKMARK [1][-]{section.5.5}{\376\377\0005\000.\0005\000\040\000I\000s\000o\000S\000p\000e\000c\000:\000:\000I\000s\000o\000S\000p\000e\000c\000:\000:\000C\000o\000n\000f\000O\000r\000d\000e\000r\000\040\000C\000l\000a\000s\000s\000\040\000R\000e\000f\000e\000r\000e\000n\000c\000e}{chapter.5}% 18
\BOOKMARK [1][-]{section.5.6}{\376\377\0005\000.\0006\000\040\000I\000s\000o\000S\000p\000e\000c\000:\000:\000C\000o\000n\000f\000O\000r\000d\000e\000r\000M\000a\000r\000g\000i\000n\000a\000l\000\040\000C\000l\000a\000s\000s\000\040\000R\000e\000f\000e\000r\000e\000n\000c\000e}{chapter.5}% 19
\BOOKMARK [1][-]{section.5.7}{\376\377\0005\000.\0007\000\040\000I\000s\000o\000S\000p\000e\000c\000:\000:\000I\000s\000o\000S\000p\000e\000c\000:\000:\000C\000o\000n\000f\000O\000r\000d\000e\000r\000M\000a\000r\000g\000i\000n\000a\000l\000\040\000C\000l\000a\000s\000s\000\040\000R\000e\000f\000e\000r\000e\000n\000c\000e}{chapter.5}% 20
\BOOKMARK [1][-]{section.5.8}{\376\377\0005\000.\0008\000\040\000I\000s\000o\000S\000p\000e\000c\000:\000:\000C\000o\000n\000f\000O\000r\000d\000e\000r\000M\000a\000r\000g\000i\000n\000a\000l\000D\000e\000s\000c\000e\000n\000d\000i\000n\000g\000\040\000C\000l\000a\000s\000s\000\040\000R\000e\000f\000e\000r\000e\000n\000c\000e}{chapter.5}% 21
\BOOKMARK [1][-]{section.5.9}{\376\377\0005\000.\0009\000\040\000I\000s\000o\000S\000p\000e\000c\000:\000:\000I\000s\000o\000S\000p\000e\000c\000:\000:\000C\000o\000n\000f\000O\000r\000d\000e\000r\000M\000a\000r\000g\000i\000n\000a\000l\000D\000e\000s\000c\000e\000n\000d\000i\000n\000g\000\040\000C\000l\000a\000s\000s\000\040\000R\000e\000f\000e\000r\000e\000n\000c\000e}{chapter.5}% 22
\BOOKMARK [1][-]{section.5.10}{\376\377\0005\000.\0001\0000\000\040\000I\000s\000o\000S\000p\000e\000c\000:\000:\000D\000i\000r\000t\000y\000A\000l\000l\000o\000c\000a\000t\000o\000r\000\040\000C\000l\000a\000s\000s\000\040\000R\000e\000f\000e\000r\000e\000n\000c\000e}{chapter.5}% 23
\BOOKMARK [1][-]{section.5.11}{\376\377\0005\000.\0001\0001\000\040\000I\000s\000o\000S\000p\000e\000c\000:\000:\000I\000s\000o\000\040\000C\000l\000a\000s\000s\000\040\000R\000e\000f\000e\000r\000e\000n\000c\000e}{chapter.5}% 24
\BOOKMARK [2][-]{subsection.5.11.1}{\376\377\0005\000.\0001\0001\000.\0001\000\040\000D\000e\000t\000a\000i\000l\000e\000d\000\040\000D\000e\000s\000c\000r\000i\000p\000t\000i\000o\000n}{section.5.11}% 25
\BOOKMARK [2][-]{subsection.5.11.2}{\376\377\0005\000.\0001\0001\000.\0002\000\040\000C\000o\000n\000s\000t\000r\000u\000c\000t\000o\000r\000\040\000\046\000\040\000D\000e\000s\000t\000r\000u\000c\000t\000o\000r\000\040\000D\000o\000c\000u\000m\000e\000n\000t\000a\000t\000i\000o\000n}{section.5.11}% 26
\BOOKMARK [3][-]{subsubsection.5.11.2.1}{\376\377\0005\000.\0001\0001\000.\0002\000.\0001\000\040\000I\000s\000o\000\050\000\051}{subsection.5.11.2}% 27
\BOOKMARK [2][-]{subsection.5.11.3}{\376\377\0005\000.\0001\0001\000.\0003\000\040\000M\000e\000m\000b\000e\000r\000\040\000F\000u\000n\000c\000t\000i\000o\000n\000\040\000D\000o\000c\000u\000m\000e\000n\000t\000a\000t\000i\000o\000n}{section.5.11}% 28
\BOOKMARK [3][-]{subsubsection.5.11.3.1}{\376\377\0005\000.\0001\0001\000.\0003\000.\0001\000\040\000g\000e\000t\000\137\000M\000T\000\137\000m\000a\000r\000g\000i\000n\000a\000l\000\137\000s\000e\000t\000\050\000\051}{subsection.5.11.3}% 29
\BOOKMARK [2][-]{subsection.5.11.4}{\376\377\0005\000.\0001\0001\000.\0004\000\040\000M\000e\000m\000b\000e\000r\000\040\000D\000a\000t\000a\000\040\000D\000o\000c\000u\000m\000e\000n\000t\000a\000t\000i\000o\000n}{section.5.11}% 30
\BOOKMARK [3][-]{subsubsection.5.11.4.1}{\376\377\0005\000.\0001\0001\000.\0004\000.\0001\000\040\000a\000l\000l\000D\000i\000m}{subsection.5.11.4}% 31
\BOOKMARK [3][-]{subsubsection.5.11.4.2}{\376\377\0005\000.\0001\0001\000.\0004\000.\0002\000\040\000a\000t\000o\000m\000C\000o\000u\000n\000t\000s}{subsection.5.11.4}% 32
\BOOKMARK [3][-]{subsubsection.5.11.4.3}{\376\377\0005\000.\0001\0001\000.\0004\000.\0003\000\040\000c\000o\000n\000f\000S\000i\000z\000e}{subsection.5.11.4}% 33
\BOOKMARK [3][-]{subsubsection.5.11.4.4}{\376\377\0005\000.\0001\0001\000.\0004\000.\0004\000\040\000d\000i\000m\000N\000u\000m\000b\000e\000r}{subsection.5.11.4}% 34
\BOOKMARK [3][-]{subsubsection.5.11.4.5}{\376\377\0005\000.\0001\0001\000.\0004\000.\0005\000\040\000d\000i\000s\000o\000w\000n\000e\000d}{subsection.5.11.4}% 35
\BOOKMARK [3][-]{subsubsection.5.11.4.6}{\376\377\0005\000.\0001\0001\000.\0004\000.\0006\000\040\000i\000s\000o\000t\000o\000p\000e\000N\000u\000m\000b\000e\000r\000s}{subsection.5.11.4}% 36
\BOOKMARK [3][-]{subsubsection.5.11.4.7}{\376\377\0005\000.\0001\0001\000.\0004\000.\0007\000\040\000m\000a\000r\000g\000i\000n\000a\000l\000s}{subsection.5.11.4}% 37
\BOOKMARK [3][-]{subsubsection.5.11.4.8}{\376\377\0005\000.\0001\0001\000.\0004\000.\0008\000\040\000m\000o\000d\000e\000L\000P\000r\000o\000b}{subsection.5.11.4}% 38
\BOOKMARK [1][-]{section.5.12}{\376\377\0005\000.\0001\0002\000\040\000I\000s\000o\000S\000p\000e\000c\000:\000:\000I\000s\000o\000G\000e\000n\000e\000r\000a\000t\000o\000r\000\040\000C\000l\000a\000s\000s\000\040\000R\000e\000f\000e\000r\000e\000n\000c\000e}{chapter.5}% 39
\BOOKMARK [2][-]{subsection.5.12.1}{\376\377\0005\000.\0001\0002\000.\0001\000\040\000D\000e\000t\000a\000i\000l\000e\000d\000\040\000D\000e\000s\000c\000r\000i\000p\000t\000i\000o\000n}{section.5.12}% 40
\BOOKMARK [2][-]{subsection.5.12.2}{\376\377\0005\000.\0001\0002\000.\0002\000\040\000M\000e\000m\000b\000e\000r\000\040\000F\000u\000n\000c\000t\000i\000o\000n\000\040\000D\000o\000c\000u\000m\000e\000n\000t\000a\000t\000i\000o\000n}{section.5.12}% 41
\BOOKMARK [3][-]{subsubsection.5.12.2.1}{\376\377\0005\000.\0001\0002\000.\0002\000.\0001\000\040\000a\000d\000v\000a\000n\000c\000e\000T\000o\000N\000e\000x\000t\000C\000o\000n\000f\000i\000g\000u\000r\000a\000t\000i\000o\000n\000\050\000\051}{subsection.5.12.2}% 42
\BOOKMARK [2][-]{subsection.5.12.3}{\376\377\0005\000.\0001\0002\000.\0003\000\040\000M\000e\000m\000b\000e\000r\000\040\000D\000a\000t\000a\000\040\000D\000o\000c\000u\000m\000e\000n\000t\000a\000t\000i\000o\000n}{section.5.12}% 43
\BOOKMARK [3][-]{subsubsection.5.12.3.1}{\376\377\0005\000.\0001\0002\000.\0003\000.\0001\000\040\000p\000a\000r\000t\000i\000a\000l\000E\000x\000p\000P\000r\000o\000b\000s}{subsection.5.12.3}% 44
\BOOKMARK [3][-]{subsubsection.5.12.3.2}{\376\377\0005\000.\0001\0002\000.\0003\000.\0002\000\040\000p\000a\000r\000t\000i\000a\000l\000M\000a\000s\000s\000e\000s}{subsection.5.12.3}% 45
\BOOKMARK [1][-]{section.5.13}{\376\377\0005\000.\0001\0003\000\040\000I\000s\000o\000S\000p\000e\000c\000:\000:\000I\000s\000o\000L\000a\000y\000e\000r\000e\000d\000G\000e\000n\000e\000r\000a\000t\000o\000r\000\040\000C\000l\000a\000s\000s\000\040\000R\000e\000f\000e\000r\000e\000n\000c\000e}{chapter.5}% 46
\BOOKMARK [2][-]{subsection.5.13.1}{\376\377\0005\000.\0001\0003\000.\0001\000\040\000M\000e\000m\000b\000e\000r\000\040\000F\000u\000n\000c\000t\000i\000o\000n\000\040\000D\000o\000c\000u\000m\000e\000n\000t\000a\000t\000i\000o\000n}{section.5.13}% 47
\BOOKMARK [3][-]{subsubsection.5.13.1.1}{\376\377\0005\000.\0001\0003\000.\0001\000.\0001\000\040\000a\000d\000v\000a\000n\000c\000e\000T\000o\000N\000e\000x\000t\000C\000o\000n\000f\000i\000g\000u\000r\000a\000t\000i\000o\000n\000\050\000\051}{subsection.5.13.1}% 48
\BOOKMARK [1][-]{section.5.14}{\376\377\0005\000.\0001\0004\000\040\000I\000s\000o\000S\000p\000e\000c\000:\000:\000I\000s\000o\000O\000r\000d\000e\000r\000e\000d\000G\000e\000n\000e\000r\000a\000t\000o\000r\000\040\000C\000l\000a\000s\000s\000\040\000R\000e\000f\000e\000r\000e\000n\000c\000e}{chapter.5}% 49
\BOOKMARK [2][-]{subsection.5.14.1}{\376\377\0005\000.\0001\0004\000.\0001\000\040\000D\000e\000t\000a\000i\000l\000e\000d\000\040\000D\000e\000s\000c\000r\000i\000p\000t\000i\000o\000n}{section.5.14}% 50
\BOOKMARK [2][-]{subsection.5.14.2}{\376\377\0005\000.\0001\0004\000.\0002\000\040\000M\000e\000m\000b\000e\000r\000\040\000F\000u\000n\000c\000t\000i\000o\000n\000\040\000D\000o\000c\000u\000m\000e\000n\000t\000a\000t\000i\000o\000n}{section.5.14}% 51
\BOOKMARK [3][-]{subsubsection.5.14.2.1}{\376\377\0005\000.\0001\0004\000.\0002\000.\0001\000\040\000a\000d\000v\000a\000n\000c\000e\000T\000o\000N\000e\000x\000t\000C\000o\000n\000f\000i\000g\000u\000r\000a\000t\000i\000o\000n\000\050\000\051}{subsection.5.14.2}% 52
\BOOKMARK [1][-]{section.5.15}{\376\377\0005\000.\0001\0005\000\040\000I\000s\000o\000S\000p\000e\000c\000:\000:\000I\000s\000o\000T\000h\000r\000e\000s\000h\000o\000l\000d\000G\000e\000n\000e\000r\000a\000t\000o\000r\000\040\000C\000l\000a\000s\000s\000\040\000R\000e\000f\000e\000r\000e\000n\000c\000e}{chapter.5}% 53
\BOOKMARK [2][-]{subsection.5.15.1}{\376\377\0005\000.\0001\0005\000.\0001\000\040\000M\000e\000m\000b\000e\000r\000\040\000F\000u\000n\000c\000t\000i\000o\000n\000\040\000D\000o\000c\000u\000m\000e\000n\000t\000a\000t\000i\000o\000n}{section.5.15}% 54
\BOOKMARK [3][-]{subsubsection.5.15.1.1}{\376\377\0005\000.\0001\0005\000.\0001\000.\0001\000\040\000a\000d\000v\000a\000n\000c\000e\000T\000o\000N\000e\000x\000t\000C\000o\000n\000f\000i\000g\000u\000r\000a\000t\000i\000o\000n\000\050\000\051}{subsection.5.15.1}% 55
\BOOKMARK [1][-]{section.5.16}{\376\377\0005\000.\0001\0006\000\040\000I\000s\000o\000S\000p\000e\000c\000:\000:\000K\000e\000y\000H\000a\000s\000h\000e\000r\000\040\000C\000l\000a\000s\000s\000\040\000R\000e\000f\000e\000r\000e\000n\000c\000e}{chapter.5}% 56
\BOOKMARK [1][-]{section.5.17}{\376\377\0005\000.\0001\0007\000\040\000I\000s\000o\000S\000p\000e\000c\000:\000:\000I\000s\000o\000S\000p\000e\000c\000:\000:\000K\000e\000y\000H\000a\000s\000h\000e\000r\000\040\000C\000l\000a\000s\000s\000\040\000R\000e\000f\000e\000r\000e\000n\000c\000e}{chapter.5}% 57
\BOOKMARK [1][-]{section.5.18}{\376\377\0005\000.\0001\0008\000\040\000I\000s\000o\000S\000p\000e\000c\000:\000:\000M\000a\000r\000g\000i\000n\000a\000l\000\040\000C\000l\000a\000s\000s\000\040\000R\000e\000f\000e\000r\000e\000n\000c\000e}{chapter.5}% 58
\BOOKMARK [1][-]{section.5.19}{\376\377\0005\000.\0001\0009\000\040\000I\000s\000o\000S\000p\000e\000c\000:\000:\000M\000a\000r\000g\000i\000n\000a\000l\000T\000r\000e\000k\000\040\000C\000l\000a\000s\000s\000\040\000R\000e\000f\000e\000r\000e\000n\000c\000e}{chapter.5}% 59
\BOOKMARK [1][-]{section.5.20}{\376\377\0005\000.\0002\0000\000\040\000I\000s\000o\000S\000p\000e\000c\000:\000:\000P\000r\000e\000c\000a\000l\000c\000u\000l\000a\000t\000e\000d\000M\000a\000r\000g\000i\000n\000a\000l\000\040\000C\000l\000a\000s\000s\000\040\000R\000e\000f\000e\000r\000e\000n\000c\000e}{chapter.5}% 60
\BOOKMARK [2][-]{subsection.5.20.1}{\376\377\0005\000.\0002\0000\000.\0001\000\040\000M\000e\000m\000b\000e\000r\000\040\000D\000a\000t\000a\000\040\000D\000o\000c\000u\000m\000e\000n\000t\000a\000t\000i\000o\000n}{section.5.20}% 61
\BOOKMARK [3][-]{subsubsection.5.20.1.1}{\376\377\0005\000.\0002\0000\000.\0001\000.\0001\000\040\000c\000o\000n\000f\000i\000g\000u\000r\000a\000t\000i\000o\000n\000s}{subsection.5.20.1}% 62
\BOOKMARK [1][-]{section.5.21}{\376\377\0005\000.\0002\0001\000\040\000I\000s\000o\000S\000p\000e\000c\000:\000:\000I\000s\000o\000S\000p\000e\000c\000:\000:\000R\000e\000v\000e\000r\000s\000e\000O\000r\000d\000e\000r\000<\000\040\000T\000\040\000>\000\040\000C\000l\000a\000s\000s\000\040\000T\000e\000m\000p\000l\000a\000t\000e\000\040\000R\000e\000f\000e\000r\000e\000n\000c\000e}{chapter.5}% 63
\BOOKMARK [1][-]{section.5.22}{\376\377\0005\000.\0002\0002\000\040\000I\000s\000o\000S\000p\000e\000c\000:\000:\000R\000e\000v\000e\000r\000s\000e\000O\000r\000d\000e\000r\000<\000\040\000T\000\040\000>\000\040\000C\000l\000a\000s\000s\000\040\000T\000e\000m\000p\000l\000a\000t\000e\000\040\000R\000e\000f\000e\000r\000e\000n\000c\000e}{chapter.5}% 64
\BOOKMARK [1][-]{section.5.23}{\376\377\0005\000.\0002\0003\000\040\000I\000s\000o\000S\000p\000e\000c\000:\000:\000S\000S\000u\000m\000m\000a\000t\000o\000r\000\040\000C\000l\000a\000s\000s\000\040\000R\000e\000f\000e\000r\000e\000n\000c\000e}{chapter.5}% 65
\BOOKMARK [1][-]{section.5.24}{\376\377\0005\000.\0002\0004\000\040\000I\000s\000o\000S\000p\000e\000c\000:\000:\000S\000u\000m\000m\000a\000t\000o\000r\000\040\000C\000l\000a\000s\000s\000\040\000R\000e\000f\000e\000r\000e\000n\000c\000e}{chapter.5}% 66
\BOOKMARK [1][-]{section.5.25}{\376\377\0005\000.\0002\0005\000\040\000I\000s\000o\000S\000p\000e\000c\000:\000:\000T\000a\000b\000l\000e\000O\000r\000d\000e\000r\000<\000\040\000T\000\040\000>\000\040\000C\000l\000a\000s\000s\000\040\000T\000e\000m\000p\000l\000a\000t\000e\000\040\000R\000e\000f\000e\000r\000e\000n\000c\000e}{chapter.5}% 67
\BOOKMARK [1][-]{section.5.26}{\376\377\0005\000.\0002\0006\000\040\000I\000s\000o\000S\000p\000e\000c\000:\000:\000I\000s\000o\000S\000p\000e\000c\000:\000:\000T\000a\000b\000l\000e\000O\000r\000d\000e\000r\000<\000\040\000T\000\040\000>\000\040\000C\000l\000a\000s\000s\000\040\000T\000e\000m\000p\000l\000a\000t\000e\000\040\000R\000e\000f\000e\000r\000e\000n\000c\000e}{chapter.5}% 68
\BOOKMARK [1][-]{section.5.27}{\376\377\0005\000.\0002\0007\000\040\000I\000s\000o\000S\000p\000e\000c\000:\000:\000T\000a\000b\000u\000l\000a\000t\000o\000r\000<\000\040\000T\000\040\000>\000\040\000C\000l\000a\000s\000s\000\040\000T\000e\000m\000p\000l\000a\000t\000e\000\040\000R\000e\000f\000e\000r\000e\000n\000c\000e}{chapter.5}% 69
\BOOKMARK [1][-]{section.5.28}{\376\377\0005\000.\0002\0008\000\040\000I\000s\000o\000S\000p\000e\000c\000:\000:\000T\000h\000r\000e\000a\000d\000S\000u\000m\000m\000a\000t\000o\000r\000\040\000C\000l\000a\000s\000s\000\040\000R\000e\000f\000e\000r\000e\000n\000c\000e}{chapter.5}% 70
\BOOKMARK [1][-]{section.5.29}{\376\377\0005\000.\0002\0009\000\040\000I\000s\000o\000S\000p\000e\000c\000:\000:\000T\000S\000u\000m\000m\000a\000t\000o\000r\000\040\000C\000l\000a\000s\000s\000\040\000R\000e\000f\000e\000r\000e\000n\000c\000e}{chapter.5}% 71
\BOOKMARK [0][-]{section*.53}{\376\377\000I\000n\000d\000e\000x}{}% 72
